2025-12-23 18:10:43,707:INFO: device: cuda:1
2025-12-23 18:10:43,711:INFO: -------- Vocabulary Loaded! --------
2025-12-23 18:10:44,097:INFO: -------- Process Done! --------
2025-12-23 18:10:44,115:INFO: -------- Process Done! --------
2025-12-23 18:13:00,608:INFO: device: cuda:0
2025-12-23 18:13:00,613:INFO: -------- Vocabulary Loaded! --------
2025-12-23 18:13:00,992:INFO: -------- Process Done! --------
2025-12-23 18:13:01,010:INFO: -------- Process Done! --------
2025-12-23 20:44:12,978:INFO: device: cuda:0
2025-12-23 20:44:12,983:INFO: -------- Vocabulary Loaded! --------
2025-12-23 20:44:13,356:INFO: -------- Process Done! --------
2025-12-23 20:44:13,373:INFO: -------- Process Done! --------
2025-12-23 20:52:06,333:INFO: device: cuda:0
2025-12-23 20:52:06,337:INFO: -------- Vocabulary Loaded! --------
2025-12-23 20:52:06,714:INFO: -------- Process Done! --------
2025-12-23 20:52:06,730:INFO: -------- Process Done! --------
2025-12-23 21:00:45,269:INFO: device: cuda:0
2025-12-23 21:00:45,274:INFO: -------- Vocabulary Loaded! --------
2025-12-23 21:00:45,671:INFO: -------- Process Done! --------
2025-12-23 21:00:45,689:INFO: -------- Process Done! --------
2025-12-23 21:01:38,856:INFO: epoch: 1, train loss: 175.25452616037416
2025-12-23 21:01:42,582:INFO: epoch: 1, f1 score: 0.5229515229515229, dev loss: 89.50912181712962
2025-12-23 21:01:42,626:INFO: --------Save best model!--------
2025-12-23 21:01:42,627:INFO: Best val f1: 0.5229515229515229
2025-12-23 21:01:42,627:INFO: Training Finished!
2025-12-23 21:01:42,670:INFO: -------- Process Done! --------
2025-12-23 21:01:42,691:INFO: --------Load model from /home/c403/msy/CLUENER2020/BiLSTM-CRF/experiments/clue/model.pth--------
2025-12-23 21:01:47,242:INFO: --------Bad Cases reserved !--------
2025-12-23 21:01:47,313:INFO: final test loss: 90.12908063616071, f1 score: 0.5509446693657221
2025-12-23 21:01:47,313:INFO: f1 score of address: 0.3540372670807453
2025-12-23 21:01:47,314:INFO: f1 score of book: 0.4150943396226415
2025-12-23 21:01:47,314:INFO: f1 score of company: 0.5731707317073171
2025-12-23 21:01:47,314:INFO: f1 score of game: 0.710571923743501
2025-12-23 21:01:47,314:INFO: f1 score of government: 0.5099778270509978
2025-12-23 21:01:47,314:INFO: f1 score of movie: 0.5885416666666666
2025-12-23 21:01:47,314:INFO: f1 score of name: 0.5440528634361234
2025-12-23 21:01:47,314:INFO: f1 score of organization: 0.6178861788617886
2025-12-23 21:01:47,314:INFO: f1 score of position: 0.6337662337662338
2025-12-23 21:01:47,314:INFO: f1 score of scene: 0.41509433962264153
2025-12-23 21:05:18,884:INFO: device: cuda:0
2025-12-23 21:05:18,889:INFO: -------- Vocabulary Loaded! --------
2025-12-23 21:05:19,292:INFO: -------- Process Done! --------
2025-12-23 21:05:19,310:INFO: -------- Process Done! --------
2025-12-23 21:05:34,889:INFO: epoch: 1, train loss: 945.5541908591493
2025-12-23 21:05:36,642:INFO: epoch: 1, f1 score: 0.3253731343283582, dev loss: 550.6702665441177
2025-12-23 21:05:36,726:INFO: --------Save best model!--------
2025-12-23 21:05:49,875:INFO: epoch: 2, train loss: 423.0111303046198
2025-12-23 21:05:51,620:INFO: epoch: 2, f1 score: 0.4835164835164836, dev loss: 381.48098575367646
2025-12-23 21:05:51,697:INFO: --------Save best model!--------
2025-12-23 21:06:04,792:INFO: epoch: 3, train loss: 273.0486600768842
2025-12-23 21:06:06,528:INFO: epoch: 3, f1 score: 0.5850227554820024, dev loss: 323.0188993566176
2025-12-23 21:06:06,608:INFO: --------Save best model!--------
2025-12-23 21:06:19,727:INFO: epoch: 4, train loss: 187.66731201776184
2025-12-23 21:06:21,472:INFO: epoch: 4, f1 score: 0.6333749479816896, dev loss: 284.2707088694853
2025-12-23 21:06:21,547:INFO: --------Save best model!--------
2025-12-23 21:06:34,659:INFO: epoch: 5, train loss: 127.19365427753714
2025-12-23 21:06:36,401:INFO: epoch: 5, f1 score: 0.645366060093102, dev loss: 282.5226045496324
2025-12-23 21:06:36,482:INFO: --------Save best model!--------
2025-12-23 21:06:50,240:INFO: epoch: 6, train loss: 80.18017303668233
2025-12-23 21:06:51,983:INFO: epoch: 6, f1 score: 0.6588235294117647, dev loss: 297.5433995863971
2025-12-23 21:06:52,066:INFO: --------Save best model!--------
2025-12-23 21:07:05,753:INFO: epoch: 7, train loss: 52.91930870962615
2025-12-23 21:07:07,502:INFO: epoch: 7, f1 score: 0.650021159542954, dev loss: 350.9667394301471
2025-12-23 21:07:21,115:INFO: epoch: 8, train loss: 40.76381240819547
2025-12-23 21:07:22,879:INFO: epoch: 8, f1 score: 0.6568815145713678, dev loss: 359.00583065257354
2025-12-23 21:07:36,456:INFO: epoch: 9, train loss: 32.90353260103232
2025-12-23 21:07:38,206:INFO: epoch: 9, f1 score: 0.6522200977267899, dev loss: 375.0328584558824
2025-12-23 21:07:51,747:INFO: epoch: 10, train loss: 27.123515484750076
2025-12-23 21:07:53,505:INFO: epoch: 10, f1 score: 0.6498448810754911, dev loss: 376.9224494485294
2025-12-23 21:08:06,862:INFO: epoch: 11, train loss: 18.92987839853016
2025-12-23 21:08:08,625:INFO: epoch: 11, f1 score: 0.6617523167649537, dev loss: 404.5950712316176
2025-12-23 21:08:08,707:INFO: --------Save best model!--------
2025-12-23 21:08:22,042:INFO: epoch: 12, train loss: 11.699493011625686
2025-12-23 21:08:23,899:INFO: epoch: 12, f1 score: 0.6677880571909167, dev loss: 434.99207261029414
2025-12-23 21:08:23,975:INFO: --------Save best model!--------
2025-12-23 21:08:37,267:INFO: epoch: 13, train loss: 9.349586829887365
2025-12-23 21:08:39,019:INFO: epoch: 13, f1 score: 0.6565740356698464, dev loss: 452.66173598345586
2025-12-23 21:08:52,375:INFO: epoch: 14, train loss: 9.824297080338985
2025-12-23 21:08:54,138:INFO: epoch: 14, f1 score: 0.6609852421533986, dev loss: 453.5847598805147
2025-12-23 21:09:07,669:INFO: epoch: 15, train loss: 12.197750267809374
2025-12-23 21:09:09,420:INFO: epoch: 15, f1 score: 0.6607875307629203, dev loss: 446.30554917279414
2025-12-23 21:09:22,978:INFO: epoch: 16, train loss: 9.560566266377768
2025-12-23 21:09:24,731:INFO: epoch: 16, f1 score: 0.6630949927879661, dev loss: 444.3251091452206
2025-12-23 21:09:38,136:INFO: epoch: 17, train loss: 5.751567019094335
2025-12-23 21:09:39,905:INFO: epoch: 17, f1 score: 0.6706735751295337, dev loss: 483.8555261948529
2025-12-23 21:09:39,985:INFO: --------Save best model!--------
2025-12-23 21:09:53,353:INFO: epoch: 18, train loss: 4.895621752975011
2025-12-23 21:09:55,106:INFO: epoch: 18, f1 score: 0.6599630617689308, dev loss: 477.94568589154414
2025-12-23 21:10:08,449:INFO: epoch: 19, train loss: 4.429523984197736
2025-12-23 21:10:10,202:INFO: epoch: 19, f1 score: 0.6687461010605115, dev loss: 498.5647403492647
2025-12-23 21:10:23,685:INFO: epoch: 20, train loss: 5.173275318082803
2025-12-23 21:10:25,442:INFO: epoch: 20, f1 score: 0.6557985967808501, dev loss: 490.8131893382353
2025-12-23 21:10:38,801:INFO: epoch: 21, train loss: 4.469858525216383
2025-12-23 21:10:40,577:INFO: epoch: 21, f1 score: 0.6648626144879267, dev loss: 510.9932215073529
2025-12-23 21:10:53,961:INFO: epoch: 22, train loss: 4.178412339868325
2025-12-23 21:10:55,717:INFO: epoch: 22, f1 score: 0.6674963700477079, dev loss: 502.63918887867646
2025-12-23 21:10:55,717:INFO: Best val f1: 0.6706735751295337
2025-12-23 21:10:55,717:INFO: Training Finished!
2025-12-23 21:10:55,759:INFO: -------- Process Done! --------
2025-12-23 21:10:55,770:INFO: --------Load model from /home/c403/msy/CLUENER2020/BiLSTM-CRF/experiments/clue/model.pth--------
2025-12-23 21:10:57,931:INFO: --------Bad Cases reserved !--------
2025-12-23 21:10:58,003:INFO: final test loss: 501.3096633184524, f1 score: 0.6736394835757477
2025-12-23 21:10:58,003:INFO: f1 score of address: 0.46404341926729986
2025-12-23 21:10:58,003:INFO: f1 score of book: 0.6782006920415226
2025-12-23 21:10:58,003:INFO: f1 score of company: 0.6982872200263505
2025-12-23 21:10:58,004:INFO: f1 score of game: 0.7940691927512356
2025-12-23 21:10:58,004:INFO: f1 score of government: 0.6851485148514851
2025-12-23 21:10:58,004:INFO: f1 score of movie: 0.711864406779661
2025-12-23 21:10:58,004:INFO: f1 score of name: 0.6848739495798319
2025-12-23 21:10:58,004:INFO: f1 score of organization: 0.720108695652174
2025-12-23 21:10:58,004:INFO: f1 score of position: 0.7402135231316727
2025-12-23 21:10:58,004:INFO: f1 score of scene: 0.5303030303030303
2025-12-23 22:11:03,494:INFO: device: cuda:0
2025-12-23 22:11:03,499:INFO: -------- Vocabulary Loaded! --------
2025-12-23 22:29:10,912:INFO: device: cuda:0
2025-12-23 22:29:10,917:INFO: -------- Vocabulary Loaded! --------
2025-12-23 22:29:12,165:INFO: -------- Process Done! --------
2025-12-23 22:29:12,182:INFO: -------- Process Done! --------
2025-12-23 22:29:28,714:INFO: epoch: 1, train loss: 1025.4941930991195
2025-12-23 22:29:30,474:INFO: epoch: 1, f1 score: 0.3283978739559605, dev loss: 561.3891314338235
2025-12-23 22:29:30,555:INFO: --------Save best model!--------


2025-12-23 23:38:17,343:INFO: device: cuda:0
2025-12-23 23:38:17,347:INFO: -------- Vocabulary Loaded! --------
2025-12-23 23:38:18,528:INFO: -------- Process Done! --------
2025-12-23 23:38:18,544:INFO: -------- Process Done! --------
2025-12-23 23:38:35,151:INFO: epoch: 1, train loss: 872.642667965527
2025-12-23 23:38:36,971:INFO: epoch: 1, f1 score: 0.38012316840093435, dev loss: 489.1946231617647
2025-12-23 23:38:37,058:INFO: --------Save best model!--------
2025-12-23 23:38:50,872:INFO: epoch: 2, train loss: 377.8601240907172
2025-12-23 23:38:52,650:INFO: epoch: 2, f1 score: 0.5686363636363637, dev loss: 334.99480124080884
2025-12-23 23:38:52,731:INFO: --------Save best model!--------
2025-12-23 23:39:06,782:INFO: epoch: 3, train loss: 246.09330525413992
2025-12-23 23:39:08,554:INFO: epoch: 3, f1 score: 0.6116182572614108, dev loss: 282.9722254136029
2025-12-23 23:39:08,632:INFO: --------Save best model!--------
2025-12-23 23:39:22,880:INFO: epoch: 4, train loss: 170.58632110998576
2025-12-23 23:39:24,898:INFO: epoch: 4, f1 score: 0.6438962681846933, dev loss: 270.0454676011029
2025-12-23 23:39:24,970:INFO: --------Save best model!--------
2025-12-23 23:39:39,178:INFO: epoch: 5, train loss: 115.5830094491688
2025-12-23 23:39:40,996:INFO: epoch: 5, f1 score: 0.6571792693288021, dev loss: 270.8600068933824
2025-12-23 23:39:41,075:INFO: --------Save best model!--------
2025-12-23 23:39:54,958:INFO: epoch: 6, train loss: 73.4335193696982
2025-12-23 23:39:56,775:INFO: epoch: 6, f1 score: 0.6679470763977806, dev loss: 291.02610868566177
2025-12-23 23:39:56,845:INFO: --------Save best model!--------
2025-12-23 23:40:10,949:INFO: epoch: 7, train loss: 51.370792514813616
2025-12-23 23:40:12,755:INFO: epoch: 7, f1 score: 0.6623539232053421, dev loss: 307.51927274816177
2025-12-23 23:40:26,601:INFO: epoch: 8, train loss: 38.021987826910745
2025-12-23 23:40:28,393:INFO: epoch: 8, f1 score: 0.6571428571428571, dev loss: 330.6504480698529
2025-12-23 23:40:42,271:INFO: epoch: 9, train loss: 27.888357219129507
2025-12-23 23:40:44,062:INFO: epoch: 9, f1 score: 0.6662525879917184, dev loss: 342.62942325367646
2025-12-23 23:40:57,730:INFO: epoch: 10, train loss: 22.643831032730958
2025-12-23 23:40:59,503:INFO: epoch: 10, f1 score: 0.6668083297917553, dev loss: 357.0573299632353
2025-12-23 23:41:13,112:INFO: epoch: 11, train loss: 16.696540388730494
2025-12-23 23:41:14,895:INFO: epoch: 11, f1 score: 0.6769680517853414, dev loss: 383.0147920496324
2025-12-23 23:41:14,981:INFO: --------Save best model!--------
2025-12-23 23:41:28,883:INFO: epoch: 12, train loss: 10.95679476080161
2025-12-23 23:41:30,645:INFO: epoch: 12, f1 score: 0.6736196319018405, dev loss: 390.9647863051471
2025-12-23 23:41:44,863:INFO: epoch: 13, train loss: 9.87706456326022
2025-12-23 23:41:46,658:INFO: epoch: 13, f1 score: 0.6695491043854231, dev loss: 411.6250861672794
2025-12-23 23:42:00,515:INFO: epoch: 14, train loss: 11.203694397073374
2025-12-23 23:42:02,295:INFO: epoch: 14, f1 score: 0.6652658121454087, dev loss: 413.283203125
2025-12-23 23:42:16,165:INFO: epoch: 15, train loss: 10.622723809169857
2025-12-23 23:42:17,993:INFO: epoch: 15, f1 score: 0.6792766576595303, dev loss: 431.8069278492647
2025-12-23 23:42:18,076:INFO: --------Save best model!--------
2025-12-23 23:42:32,137:INFO: epoch: 16, train loss: 7.836942962293971
2025-12-23 23:42:33,950:INFO: epoch: 16, f1 score: 0.679749478079332, dev loss: 433.11181640625
2025-12-23 23:42:34,023:INFO: --------Save best model!--------
2025-12-23 23:42:47,909:INFO: epoch: 17, train loss: 5.663728452751739
2025-12-23 23:42:49,682:INFO: epoch: 17, f1 score: 0.6784378894889904, dev loss: 442.1483800551471
2025-12-23 23:43:03,706:INFO: epoch: 18, train loss: 4.175519414467387
2025-12-23 23:43:05,516:INFO: epoch: 18, f1 score: 0.6736183524504693, dev loss: 483.98609834558823
2025-12-23 23:43:19,563:INFO: epoch: 19, train loss: 5.583848654240271
2025-12-23 23:43:21,345:INFO: epoch: 19, f1 score: 0.6674917491749174, dev loss: 466.068359375
2025-12-23 23:43:35,125:INFO: epoch: 20, train loss: 6.823885977464934
2025-12-23 23:43:36,897:INFO: epoch: 20, f1 score: 0.667771333885667, dev loss: 467.96872127757354
2025-12-23 23:43:50,796:INFO: epoch: 21, train loss: 5.6195430126127235
2025-12-23 23:43:52,568:INFO: epoch: 21, f1 score: 0.6681660192189736, dev loss: 476.08059512867646
2025-12-23 23:43:52,569:INFO: Best val f1: 0.679749478079332
2025-12-23 23:43:52,569:INFO: Training Finished!
2025-12-23 23:43:52,609:INFO: -------- Process Done! --------
2025-12-23 23:43:52,621:INFO: --------Load model from /home/c403/msy/CLUENER2020/BiLSTM-CRF/experiments/clue/model.pth--------
2025-12-23 23:43:54,779:INFO: --------Bad Cases reserved !--------
2025-12-23 23:43:54,850:INFO: final test loss: 441.2480933779762, f1 score: 0.6696267061338597
2025-12-23 23:43:54,850:INFO: f1 score of address: 0.4909847434119279
2025-12-23 23:43:54,850:INFO: f1 score of book: 0.6597938144329897
2025-12-23 23:43:54,850:INFO: f1 score of company: 0.6639784946236559
2025-12-23 23:43:54,850:INFO: f1 score of game: 0.7562189054726368
2025-12-23 23:43:54,850:INFO: f1 score of government: 0.7272727272727273
2025-12-23 23:43:54,850:INFO: f1 score of movie: 0.7030716723549488
2025-12-23 23:43:54,850:INFO: f1 score of name: 0.6955579631635971
2025-12-23 23:43:54,850:INFO: f1 score of organization: 0.7216216216216217
2025-12-23 23:43:54,850:INFO: f1 score of position: 0.7326266195524145
2025-12-23 23:43:54,850:INFO: f1 score of scene: 0.49
2025-12-24 11:22:24,240:INFO: device: cuda:0
2025-12-24 11:22:24,245:INFO: -------- Vocabulary Loaded! --------
2025-12-24 11:22:25,410:INFO: -------- Process Done! --------
2025-12-24 11:22:25,430:INFO: -------- Process Done! --------
2025-12-24 11:23:17,483:INFO: epoch: 1, train loss: 924.6032253554945
2025-12-24 11:23:22,692:INFO: epoch: 1, f1 score: 0.29623666733749243, dev loss: 539.849609375
2025-12-24 11:23:22,773:INFO: --------Save best model!--------
2025-12-24 11:24:06,423:INFO: epoch: 2, train loss: 409.29430532927563
2025-12-24 11:24:11,798:INFO: epoch: 2, f1 score: 0.49960567823343854, dev loss: 363.87859030330884
2025-12-24 11:24:11,889:INFO: --------Save best model!--------
2025-12-24 11:24:56,650:INFO: epoch: 3, train loss: 267.26536585238114
2025-12-24 11:25:01,886:INFO: epoch: 3, f1 score: 0.5946502057613168, dev loss: 315.06428079044116
2025-12-24 11:25:01,964:INFO: --------Save best model!--------
2025-12-24 11:25:46,769:INFO: epoch: 4, train loss: 184.1573945350773
2025-12-24 11:25:52,193:INFO: epoch: 4, f1 score: 0.6381790852480137, dev loss: 281.37890625
2025-12-24 11:25:52,279:INFO: --------Save best model!--------
2025-12-24 11:26:39,402:INFO: epoch: 5, train loss: 125.94994877982062
2025-12-24 11:26:44,631:INFO: epoch: 5, f1 score: 0.6581578387577112, dev loss: 281.3203986672794
2025-12-24 11:26:44,717:INFO: --------Save best model!--------
2025-12-24 11:27:30,327:INFO: epoch: 6, train loss: 78.08575836030563
2025-12-24 11:27:35,492:INFO: epoch: 6, f1 score: 0.6566523605150214, dev loss: 296.18844784007354
2025-12-24 11:28:21,611:INFO: epoch: 7, train loss: 52.05913836413091
2025-12-24 11:28:26,694:INFO: epoch: 7, f1 score: 0.6725738396624472, dev loss: 312.37718290441177
2025-12-24 11:28:26,778:INFO: --------Save best model!--------
2025-12-24 11:29:13,993:INFO: epoch: 8, train loss: 38.166393701786255
2025-12-24 11:29:19,062:INFO: epoch: 8, f1 score: 0.6692160611854685, dev loss: 345.30563534007354
2025-12-24 11:30:05,776:INFO: epoch: 9, train loss: 30.489107434112245
2025-12-24 11:30:11,046:INFO: epoch: 9, f1 score: 0.6652515389513904, dev loss: 354.37086397058823
2025-12-24 11:30:57,025:INFO: epoch: 10, train loss: 29.90478966338406
2025-12-24 11:31:02,168:INFO: epoch: 10, f1 score: 0.6691713629722396, dev loss: 357.4462316176471
2025-12-24 11:31:48,240:INFO: epoch: 11, train loss: 19.329575598436612
2025-12-24 11:31:53,491:INFO: epoch: 11, f1 score: 0.657499471123334, dev loss: 386.71599264705884
2025-12-24 11:32:40,268:INFO: epoch: 12, train loss: 12.044825714413482
2025-12-24 11:32:45,332:INFO: epoch: 12, f1 score: 0.6683333333333333, dev loss: 402.68919462316177
2025-12-24 11:32:45,332:INFO: Best val f1: 0.6725738396624472
2025-12-24 11:32:45,332:INFO: Training Finished!
2025-12-24 11:32:45,373:INFO: -------- Process Done! --------
2025-12-24 11:32:45,400:INFO: --------Load model from /home/c403/msy/CLUENER2020/BiLSTM-CRF/experiments/clue/model.pth--------
2025-12-24 11:32:51,598:INFO: --------Bad Cases reserved !--------
2025-12-24 11:32:51,670:INFO: final test loss: 338.9290364583333, f1 score: 0.6515748031496064
2025-12-24 11:32:51,670:INFO: f1 score of address: 0.44031830238726793
2025-12-24 11:32:51,670:INFO: f1 score of book: 0.6597938144329897
2025-12-24 11:32:51,671:INFO: f1 score of company: 0.6449086161879896
2025-12-24 11:32:51,671:INFO: f1 score of game: 0.76158940397351
2025-12-24 11:32:51,671:INFO: f1 score of government: 0.6572008113590264
2025-12-24 11:32:51,671:INFO: f1 score of movie: 0.6824324324324323
2025-12-24 11:32:51,671:INFO: f1 score of name: 0.6985539488320357
2025-12-24 11:32:51,671:INFO: f1 score of organization: 0.7148488830486203
2025-12-24 11:32:51,671:INFO: f1 score of position: 0.7215041128084607
2025-12-24 11:32:51,671:INFO: f1 score of scene: 0.47769028871391084
